<?xml version="1.0" encoding="UTF-8"?>
<!-- Generated by org.testng.reporters.JUnitReportReporter -->
<testsuite skipped="0" hostname="DESKTOP-3HB8IKU" name="PDFReader_test" tests="1" failures="0" timestamp="10 Oct 2019 09:19:53 GMT" time="6.464" errors="0">
  <testcase name="readPDFTest" time="6.464" classname="PDFReader_test"/>
</testsuite> <!-- PDFReader_test -->
